<?xml version="1.0" encoding="UTF-8"?>
<!-- Generated by org.testng.reporters.JUnitXMLReporter -->
<testsuite ignored="0" hostname="DESKTOP-K6SQ6P2" failures="0" tests="2" name="Error Validations Test" time="7.529" errors="0" timestamp="2024-12-30T09:49:38 GMT">
  <testcase classname="rahulshettyacademy.tests.ErrorValidations" name="LoginErrorValidation" time="0.0">
    <skipped/>
  </testcase> <!-- LoginErrorValidation -->
  <testcase classname="rahulshettyacademy.tests.ErrorValidations" name="ProductErrorValidation" time="0.0">
    <skipped/>
  </testcase> <!-- ProductErrorValidation -->
</testsuite> <!-- Error Validations Test -->
